d:\vs2022\openglproject\opengl\debug\vc143.pdb
d:\vs2022\openglproject\opengl\debug\vc143.idb
d:\vs2022\openglproject\opengl\debug\application.nativecodeanalysis.sarif
d:\vs2022\openglproject\opengl\debug\application.nativecodeanalysis.xml
d:\vs2022\openglproject\opengl\debug\indexbuffer.nativecodeanalysis.sarif
d:\vs2022\openglproject\opengl\debug\indexbuffer.nativecodeanalysis.xml
d:\vs2022\openglproject\opengl\debug\render.nativecodeanalysis.sarif
d:\vs2022\openglproject\opengl\debug\render.nativecodeanalysis.xml
d:\vs2022\openglproject\opengl\debug\vertexbuffer.nativecodeanalysis.sarif
d:\vs2022\openglproject\opengl\debug\vertexbuffer.nativecodeanalysis.xml
d:\vs2022\openglproject\opengl\debug\vertexbuffer.obj
d:\vs2022\openglproject\opengl\debug\render.obj
d:\vs2022\openglproject\opengl\debug\indexbuffer.obj
d:\vs2022\openglproject\opengl\debug\application.obj
d:\vs2022\openglproject\opengl\debug\opengl.ilk
d:\vs2022\openglproject\opengl\debug\opengl.exe
d:\vs2022\openglproject\opengl\debug\opengl.pdb
d:\vs2022\openglproject\opengl\debug\vc.nativecodeanalysis.all.xml
d:\vs2022\openglproject\opengl\debug\opengl.tlog\cl.command.1.tlog
d:\vs2022\openglproject\opengl\debug\opengl.tlog\cl.read.1.tlog
d:\vs2022\openglproject\opengl\debug\opengl.tlog\cl.write.1.tlog
d:\vs2022\openglproject\opengl\debug\opengl.tlog\link.command.1.tlog
d:\vs2022\openglproject\opengl\debug\opengl.tlog\link.read.1.tlog
d:\vs2022\openglproject\opengl\debug\opengl.tlog\link.write.1.tlog
